<?xml version="1.0" encoding="UTF-8"?>
<testsuite xmlns:xsi="http://www.w3.org/2001/XMLSchema-instance" xsi:noNamespaceSchemaLocation="https://maven.apache.org/surefire/maven-surefire-plugin/xsd/surefire-test-report-3.0.xsd" version="3.0" name="rs.ac.bg.fon.izdavanjestanovaback.controller.KlijentControllerTest" time="0.244" tests="14" errors="0" skipped="0" failures="0">
  <properties>
[...]
</properties>
  <testcase name="getAllKlijenti_Uspesno" classname="rs.ac.bg.fon.izdavanjestanovaback.controller.KlijentControllerTest" time="0.039">
    <system-out><![CDATA[2026-05-22T16:20:53.696+02:00  INFO 13948 --- [           main] t.c.s.AnnotationConfigContextLoaderUtils : Could not detect default configuration classes for test class [rs.ac.bg.fon.izdavanjestanovaback.controller.KlijentControllerTest]: KlijentControllerTest does not declare any static, non-private, non-final, nested classes annotated with @Configuration.
2026-05-22T16:20:53.699+02:00  INFO 13948 --- [           main] .b.t.c.SpringBootTestContextBootstrapper : Found @SpringBootConfiguration rs.ac.bg.fon.izdavanjestanovaback.IzdavanjeStanovaBack for test class rs.ac.bg.fon.izdavanjestanovaback.controller.KlijentControllerTest
Hibernate: select k1_0.id,k1_0.brojTelefona,k1_0.email,k1_0.idMesto,k1_0.ime,k1_0.prezime,k1_0.starost from klijent k1_0
Hibernate: select m1_0.id,m1_0.nazivMesta,m1_0.opstina from mesto m1_0 where m1_0.id=?
Hibernate: select m1_0.id,m1_0.nazivMesta,m1_0.opstina from mesto m1_0 where m1_0.id=?
Hibernate: select m1_0.id,m1_0.nazivMesta,m1_0.opstina from mesto m1_0 where m1_0.id=?
]]></system-out>
  </testcase>
  <testcase name="getKlijentById_Uspesno" classname="rs.ac.bg.fon.izdavanjestanovaback.controller.KlijentControllerTest" time="0.014">
    <system-out><![CDATA[Hibernate: select k1_0.id,k1_0.brojTelefona,k1_0.email,im1_0.id,im1_0.nazivMesta,im1_0.opstina,k1_0.ime,k1_0.prezime,k1_0.starost from klijent k1_0 left join mesto im1_0 on im1_0.id=k1_0.idMesto where k1_0.id=?
]]></system-out>
  </testcase>
  <testcase name="getKlijentById_Neuspesno_NepostojeciId" classname="rs.ac.bg.fon.izdavanjestanovaback.controller.KlijentControllerTest" time="0.013">
    <system-out><![CDATA[Hibernate: select k1_0.id,k1_0.brojTelefona,k1_0.email,im1_0.id,im1_0.nazivMesta,im1_0.opstina,k1_0.ime,k1_0.prezime,k1_0.starost from klijent k1_0 left join mesto im1_0 on im1_0.id=k1_0.idMesto where k1_0.id=?
]]></system-out>
    <system-err><![CDATA[java.lang.RuntimeException: Klijent nije pronađen
	at rs.ac.bg.fon.izdavanjestanovaback.service.KlijentService.lambda$getKlijentById$0(KlijentService.java:69)
	at java.base/java.util.Optional.orElseThrow(Optional.java:403)
	at rs.ac.bg.fon.izdavanjestanovaback.service.KlijentService.getKlijentById(KlijentService.java:69)
	at java.base/jdk.internal.reflect.DirectMethodHandleAccessor.invoke(DirectMethodHandleAccessor.java:103)
	at java.base/java.lang.reflect.Method.invoke(Method.java:580)
	at org.springframework.aop.support.AopUtils.invokeJoinpointUsingReflection(AopUtils.java:355)
	at org.springframework.aop.framework.ReflectiveMethodInvocation.invokeJoinpoint(ReflectiveMethodInvocation.java:196)
	at org.springframework.aop.framework.ReflectiveMethodInvocation.proceed(ReflectiveMethodInvocation.java:163)
	at org.springframework.aop.framework.CglibAopProxy$CglibMethodInvocation.proceed(CglibAopProxy.java:768)
	at org.springframework.transaction.interceptor.TransactionAspectSupport.invokeWithinTransaction(TransactionAspectSupport.java:379)
	at org.springframework.transaction.interceptor.TransactionInterceptor.invoke(TransactionInterceptor.java:119)
	at org.springframework.aop.framework.ReflectiveMethodInvocation.proceed(ReflectiveMethodInvocation.java:184)
	at org.springframework.aop.framework.CglibAopProxy$CglibMethodInvocation.proceed(CglibAopProxy.java:768)
	at org.springframework.aop.framework.CglibAopProxy$DynamicAdvisedInterceptor.intercept(CglibAopProxy.java:720)
	at rs.ac.bg.fon.izdavanjestanovaback.service.KlijentService$$SpringCGLIB$$0.getKlijentById(<generated>)
	at rs.ac.bg.fon.izdavanjestanovaback.controller.KlijentController.getKlijentById(KlijentController.java:99)
	at java.base/jdk.internal.reflect.DirectMethodHandleAccessor.invoke(DirectMethodHandleAccessor.java:103)
	at java.base/java.lang.reflect.Method.invoke(Method.java:580)
	at org.springframework.web.method.support.InvocableHandlerMethod.doInvoke(InvocableHandlerMethod.java:255)
	at org.springframework.web.method.support.InvocableHandlerMethod.invokeForRequest(InvocableHandlerMethod.java:188)
	at org.springframework.web.servlet.mvc.method.annotation.ServletInvocableHandlerMethod.invokeAndHandle(ServletInvocableHandlerMethod.java:118)
	at org.springframework.web.servlet.mvc.method.annotation.RequestMappingHandlerAdapter.invokeHandlerMethod(RequestMappingHandlerAdapter.java:926)
	at org.springframework.web.servlet.mvc.method.annotation.RequestMappingHandlerAdapter.handleInternal(RequestMappingHandlerAdapter.java:831)
	at org.springframework.web.servlet.mvc.method.AbstractHandlerMethodAdapter.handle(AbstractHandlerMethodAdapter.java:87)
	at org.springframework.web.servlet.DispatcherServlet.doDispatch(DispatcherServlet.java:1089)
	at org.springframework.web.servlet.DispatcherServlet.doService(DispatcherServlet.java:979)
	at org.springframework.web.servlet.FrameworkServlet.processRequest(FrameworkServlet.java:1014)
	at org.springframework.web.servlet.FrameworkServlet.doGet(FrameworkServlet.java:903)
	at jakarta.servlet.http.HttpServlet.service(HttpServlet.java:564)
	at org.springframework.web.servlet.FrameworkServlet.service(FrameworkServlet.java:885)
	at jakarta.servlet.http.HttpServlet.service(HttpServlet.java:658)
	at org.apache.catalina.core.ApplicationFilterChain.internalDoFilter(ApplicationFilterChain.java:195)
	at org.apache.catalina.core.ApplicationFilterChain.doFilter(ApplicationFilterChain.java:140)
	at org.apache.tomcat.websocket.server.WsFilter.doFilter(WsFilter.java:51)
	at org.apache.catalina.core.ApplicationFilterChain.internalDoFilter(ApplicationFilterChain.java:164)
	at org.apache.catalina.core.ApplicationFilterChain.doFilter(ApplicationFilterChain.java:140)
	at org.springframework.web.filter.RequestContextFilter.doFilterInternal(RequestContextFilter.java:100)
	at org.springframework.web.filter.OncePerRequestFilter.doFilter(OncePerRequestFilter.java:116)
	at org.apache.catalina.core.ApplicationFilterChain.internalDoFilter(ApplicationFilterChain.java:164)
	at org.apache.catalina.core.ApplicationFilterChain.doFilter(ApplicationFilterChain.java:140)
	at org.springframework.web.filter.FormContentFilter.doFilterInternal(FormContentFilter.java:93)
	at org.springframework.web.filter.OncePerRequestFilter.doFilter(OncePerRequestFilter.java:116)
	at org.apache.catalina.core.ApplicationFilterChain.internalDoFilter(ApplicationFilterChain.java:164)
	at org.apache.catalina.core.ApplicationFilterChain.doFilter(ApplicationFilterChain.java:140)
	at org.springframework.web.filter.CharacterEncodingFilter.doFilterInternal(CharacterEncodingFilter.java:201)
	at org.springframework.web.filter.OncePerRequestFilter.doFilter(OncePerRequestFilter.java:116)
	at org.apache.catalina.core.ApplicationFilterChain.internalDoFilter(ApplicationFilterChain.java:164)
	at org.apache.catalina.core.ApplicationFilterChain.doFilter(ApplicationFilterChain.java:140)
	at org.apache.catalina.core.StandardWrapperValve.invoke(StandardWrapperValve.java:167)
	at org.apache.catalina.core.StandardContextValve.invoke(StandardContextValve.java:90)
	at org.apache.catalina.authenticator.AuthenticatorBase.invoke(AuthenticatorBase.java:483)
	at org.apache.catalina.core.StandardHostValve.invoke(StandardHostValve.java:115)
	at org.apache.catalina.valves.ErrorReportValve.invoke(ErrorReportValve.java:93)
	at org.apache.catalina.core.StandardEngineValve.invoke(StandardEngineValve.java:74)
	at org.apache.catalina.connector.CoyoteAdapter.service(CoyoteAdapter.java:344)
	at org.apache.coyote.http11.Http11Processor.service(Http11Processor.java:384)
	at org.apache.coyote.AbstractProcessorLight.process(AbstractProcessorLight.java:63)
	at org.apache.coyote.AbstractProtocol$ConnectionHandler.process(AbstractProtocol.java:905)
	at org.apache.tomcat.util.net.NioEndpoint$SocketProcessor.doRun(NioEndpoint.java:1741)
	at org.apache.tomcat.util.net.SocketProcessorBase.run(SocketProcessorBase.java:52)
	at org.apache.tomcat.util.threads.ThreadPoolExecutor.runWorker(ThreadPoolExecutor.java:1190)
	at org.apache.tomcat.util.threads.ThreadPoolExecutor$Worker.run(ThreadPoolExecutor.java:659)
	at org.apache.tomcat.util.threads.TaskThread$WrappingRunnable.run(TaskThread.java:63)
	at java.base/java.lang.Thread.run(Thread.java:1575)
]]></system-err>
  </testcase>
  <testcase name="pretragaKlijenata_Uspesno_PostojeciEmail" classname="rs.ac.bg.fon.izdavanjestanovaback.controller.KlijentControllerTest" time="0.007">
    <system-out><![CDATA[Hibernate: select k1_0.id,k1_0.brojTelefona,k1_0.email,k1_0.idMesto,k1_0.ime,k1_0.prezime,k1_0.starost from klijent k1_0 where k1_0.email like replace(?,'\\','\\\\')
Hibernate: select m1_0.id,m1_0.nazivMesta,m1_0.opstina from mesto m1_0 where m1_0.id=?
]]></system-out>
  </testcase>
  <testcase name="pretragaKlijenata_PraznaLista_NepostojeciEmail" classname="rs.ac.bg.fon.izdavanjestanovaback.controller.KlijentControllerTest" time="0.018">
    <system-out><![CDATA[Hibernate: select k1_0.id,k1_0.brojTelefona,k1_0.email,k1_0.idMesto,k1_0.ime,k1_0.prezime,k1_0.starost from klijent k1_0 where k1_0.email like replace(?,'\\','\\\\')
]]></system-out>
  </testcase>
  <testcase name="pretragaKlijenata_Uspesno_BezParametra" classname="rs.ac.bg.fon.izdavanjestanovaback.controller.KlijentControllerTest" time="0.016">
    <system-out><![CDATA[Hibernate: select k1_0.id,k1_0.brojTelefona,k1_0.email,k1_0.idMesto,k1_0.ime,k1_0.prezime,k1_0.starost from klijent k1_0 where k1_0.email like replace(?,'\\','\\\\')
Hibernate: select m1_0.id,m1_0.nazivMesta,m1_0.opstina from mesto m1_0 where m1_0.id=?
Hibernate: select m1_0.id,m1_0.nazivMesta,m1_0.opstina from mesto m1_0 where m1_0.id=?
Hibernate: select m1_0.id,m1_0.nazivMesta,m1_0.opstina from mesto m1_0 where m1_0.id=?
]]></system-out>
  </testcase>
  <testcase name="pretragaKlijenata_Uspesno_PrazanEmail" classname="rs.ac.bg.fon.izdavanjestanovaback.controller.KlijentControllerTest" time="0.014">
    <system-out><![CDATA[Hibernate: select k1_0.id,k1_0.brojTelefona,k1_0.email,k1_0.idMesto,k1_0.ime,k1_0.prezime,k1_0.starost from klijent k1_0 where k1_0.email like replace(?,'\\','\\\\')
Hibernate: select m1_0.id,m1_0.nazivMesta,m1_0.opstina from mesto m1_0 where m1_0.id=?
Hibernate: select m1_0.id,m1_0.nazivMesta,m1_0.opstina from mesto m1_0 where m1_0.id=?
Hibernate: select m1_0.id,m1_0.nazivMesta,m1_0.opstina from mesto m1_0 where m1_0.id=?
STVARNI ODGOVOR SA BEKA: [{"id":1,"ime":"Milan","prezime":"Jovanovic","starost":35,"brojTelefona":"0611234567","email":"milan@gmail.com","mesto":{"id":2,"nazivMesta":"Novi Sad","opstina":"Novi Sad"}},{"id":2,"ime":"Ana","prezime":"Nikolic","starost":28,"brojTelefona":"0621234567","email":"ana@gmail.com","mesto":{"id":1,"nazivMesta":"Beograd","opstina":"Vracar"}},{"id":3,"ime":"Stefan","prezime":"Petrovic","starost":40,"brojTelefona":"0631234567","email":"stefan@gmail.com","mesto":{"id":3,"nazivMesta":"Nis","opstina":"Medijana"}},{"id":10,"ime":"Novi","prezime":"Klijent","starost":25,"brojTelefona":"0699999999","email":"novi@gmail.com","mesto":{"id":1,"nazivMesta":"Beograd","opstina":"Vracar"}}]
]]></system-out>
  </testcase>
  <testcase name="addKlijent_Uspesno" classname="rs.ac.bg.fon.izdavanjestanovaback.controller.KlijentControllerTest" time="0.02">
    <system-out><![CDATA[Hibernate: select k1_0.id from klijent k1_0 where k1_0.email=? limit ?
Hibernate: select m1_0.id,m1_0.nazivMesta,m1_0.opstina from mesto m1_0 where m1_0.id=?
Hibernate: select k1_0.id,k1_0.brojTelefona,k1_0.email,im1_0.id,im1_0.nazivMesta,im1_0.opstina,k1_0.ime,k1_0.prezime,k1_0.starost from klijent k1_0 left join mesto im1_0 on im1_0.id=k1_0.idMesto where k1_0.id=?
Hibernate: insert into klijent (brojTelefona,email,idMesto,ime,prezime,starost) values (?,?,?,?,?,?)
]]></system-out>
  </testcase>
  <testcase name="addKlijent_Neuspesno_EmailVecPostoji" classname="rs.ac.bg.fon.izdavanjestanovaback.controller.KlijentControllerTest" time="0.013">
    <system-out><![CDATA[Hibernate: select k1_0.id from klijent k1_0 where k1_0.email=? limit ?
]]></system-out>
  </testcase>
  <testcase name="addKlijent_Neuspesno_DuplikatEmailIzPrethodногTesta" classname="rs.ac.bg.fon.izdavanjestanovaback.controller.KlijentControllerTest" time="0.009">
    <system-out><![CDATA[Hibernate: select k1_0.id from klijent k1_0 where k1_0.email=? limit ?
]]></system-out>
  </testcase>
  <testcase name="addKlijent_Neuspesno_NullTelo" classname="rs.ac.bg.fon.izdavanjestanovaback.controller.KlijentControllerTest" time="0.01"/>
  <testcase name="deleteKlijent_Uspesno" classname="rs.ac.bg.fon.izdavanjestanovaback.controller.KlijentControllerTest" time="0.009">
    <system-out><![CDATA[Hibernate: select k1_0.id,k1_0.brojTelefona,k1_0.email,im1_0.id,im1_0.nazivMesta,im1_0.opstina,k1_0.ime,k1_0.prezime,k1_0.starost from klijent k1_0 left join mesto im1_0 on im1_0.id=k1_0.idMesto where k1_0.id=?
Hibernate: delete from klijent where id=?
]]></system-out>
  </testcase>
  <testcase name="deleteKlijent_Neuspesno_PovezanSaIzdavanjem" classname="rs.ac.bg.fon.izdavanjestanovaback.controller.KlijentControllerTest" time="0.021">
    <system-out><![CDATA[Hibernate: select k1_0.id,k1_0.brojTelefona,k1_0.email,im1_0.id,im1_0.nazivMesta,im1_0.opstina,k1_0.ime,k1_0.prezime,k1_0.starost from klijent k1_0 left join mesto im1_0 on im1_0.id=k1_0.idMesto where k1_0.id=?
Hibernate: delete from klijent where id=?
2026-05-22T16:20:53.916+02:00  WARN 13948 --- [-auto-1-exec-10] o.h.engine.jdbc.spi.SqlExceptionHelper   : SQL Error: 23503, SQLState: 23503
2026-05-22T16:20:53.916+02:00 ERROR 13948 --- [-auto-1-exec-10] o.h.engine.jdbc.spi.SqlExceptionHelper   : Referential integrity constraint violation: "IZDAVANJE_IBFK_2: PUBLIC.IZDAVANJE FOREIGN KEY(IDKLIJENT) REFERENCES PUBLIC.KLIJENT(ID) (CAST(1 AS BIGINT))"; SQL statement:
delete from klijent where id=? [23503-224]
]]></system-out>
  </testcase>
  <testcase name="deleteKlijent_NepostojeciId" classname="rs.ac.bg.fon.izdavanjestanovaback.controller.KlijentControllerTest" time="0.007">
    <system-out><![CDATA[Hibernate: select k1_0.id,k1_0.brojTelefona,k1_0.email,im1_0.id,im1_0.nazivMesta,im1_0.opstina,k1_0.ime,k1_0.prezime,k1_0.starost from klijent k1_0 left join mesto im1_0 on im1_0.id=k1_0.idMesto where k1_0.id=?
]]></system-out>
  </testcase>
</testsuite>