<?xml version="1.0" encoding="UTF-8"?>
<testsuite xmlns:xsi="http://www.w3.org/2001/XMLSchema-instance" xsi:noNamespaceSchemaLocation="https://maven.apache.org/surefire/maven-surefire-plugin/xsd/surefire-test-report-3.0.xsd" version="3.0" name="rs.ac.bg.fon.izdavanjestanovaback.controller.IzdavanjeControllerTest" time="0.732" tests="23" errors="0" skipped="0" failures="0">
  <properties>
[...]
</properties>
  <testcase name="getAllIzdavanjaUspesno" classname="rs.ac.bg.fon.izdavanjestanovaback.controller.IzdavanjeControllerTest" time="0.154">
    <system-out><![CDATA[2026-05-22T16:20:52.963+02:00  INFO 13948 --- [           main] t.c.s.AnnotationConfigContextLoaderUtils : Could not detect default configuration classes for test class [rs.ac.bg.fon.izdavanjestanovaback.controller.IzdavanjeControllerTest]: IzdavanjeControllerTest does not declare any static, non-private, non-final, nested classes annotated with @Configuration.
2026-05-22T16:20:52.964+02:00  INFO 13948 --- [           main] .b.t.c.SpringBootTestContextBootstrapper : Found @SpringBootConfiguration rs.ac.bg.fon.izdavanjestanovaback.IzdavanjeStanovaBack for test class rs.ac.bg.fon.izdavanjestanovaback.controller.IzdavanjeControllerTest
Hibernate: select i1_0.idIzdavanje,i1_0.datumSklapanjaUgovora,i1_0.idAgent,i1_0.idKlijent,i1_0.nacinPlacanja,i1_0.napomena,i1_0.statusUgovora,i1_0.ukupanIznos from izdavanje i1_0
Hibernate: select a1_0.id,a1_0.brojLicence,a1_0.datumIstekaLicence,a1_0.ime,a1_0.korisnickoIme,a1_0.prezime,a1_0.sifra from agent a1_0 where a1_0.id=?
Hibernate: select k1_0.id,k1_0.brojTelefona,k1_0.email,im1_0.id,im1_0.nazivMesta,im1_0.opstina,k1_0.ime,k1_0.prezime,k1_0.starost from klijent k1_0 left join mesto im1_0 on im1_0.id=k1_0.idMesto where k1_0.id=?
Hibernate: select k1_0.id,k1_0.brojTelefona,k1_0.email,im1_0.id,im1_0.nazivMesta,im1_0.opstina,k1_0.ime,k1_0.prezime,k1_0.starost from klijent k1_0 left join mesto im1_0 on im1_0.id=k1_0.idMesto where k1_0.id=?
Hibernate: select a1_0.id,a1_0.brojLicence,a1_0.datumIstekaLicence,a1_0.ime,a1_0.korisnickoIme,a1_0.prezime,a1_0.sifra from agent a1_0 where a1_0.id=?
Hibernate: select k1_0.id,k1_0.brojTelefona,k1_0.email,im1_0.id,im1_0.nazivMesta,im1_0.opstina,k1_0.ime,k1_0.prezime,k1_0.starost from klijent k1_0 left join mesto im1_0 on im1_0.id=k1_0.idMesto where k1_0.id=?
Hibernate: select sc1_0.idAgent,sc1_0.idSertifikat,sc1_0.datumSticanja,sc1_0.izdavalac,sc1_0.nazivSertifikata from sertifikat sc1_0 where sc1_0.idAgent=?
Hibernate: select sic1_0.idIzdavanje,sic1_0.rb,sic1_0.datumPocetkaIzdavanja,sic1_0.datumZavrsetkaIzdavanja,in1_0.idNekretnina,in1_0.adresa,in1_0.brojSoba,in1_0.godinaIzgradnje,in1_0.opis,in1_0.povrsina,in1_0.sprat,in1_0.statusNekretnine,in1_0.tipGrejanja,tn1_0.idTipaNekretnine,tn1_0.nazivTipaNekretnine,sic1_0.iznosDepozita,sic1_0.mesecnaKirija from stavka_izdavanja sic1_0 left join nekretnina in1_0 on in1_0.idNekretnina=sic1_0.idNekretnina left join tip_nekretnine tn1_0 on tn1_0.idTipaNekretnine=in1_0.idTipaNekretnine where sic1_0.idIzdavanje=?
Hibernate: select sic1_0.idNekretnina,sic1_0.idIzdavanje,ii1_0.idIzdavanje,ii1_0.datumSklapanjaUgovora,ia1_0.id,ia1_0.brojLicence,ia1_0.datumIstekaLicence,ia1_0.ime,ia1_0.korisnickoIme,ia1_0.prezime,ia1_0.sifra,ik1_0.id,ik1_0.brojTelefona,ik1_0.email,ik1_0.idMesto,ik1_0.ime,ik1_0.prezime,ik1_0.starost,ii1_0.nacinPlacanja,ii1_0.napomena,ii1_0.statusUgovora,ii1_0.ukupanIznos,sic1_0.rb,sic1_0.datumPocetkaIzdavanja,sic1_0.datumZavrsetkaIzdavanja,sic1_0.iznosDepozita,sic1_0.mesecnaKirija from stavka_izdavanja sic1_0 join izdavanje ii1_0 on ii1_0.idIzdavanje=sic1_0.idIzdavanje left join agent ia1_0 on ia1_0.id=ii1_0.idAgent left join klijent ik1_0 on ik1_0.id=ii1_0.idKlijent where sic1_0.idNekretnina=?
Hibernate: select sic1_0.idIzdavanje,sic1_0.rb,sic1_0.datumPocetkaIzdavanja,sic1_0.datumZavrsetkaIzdavanja,in1_0.idNekretnina,in1_0.adresa,in1_0.brojSoba,in1_0.godinaIzgradnje,in1_0.opis,in1_0.povrsina,in1_0.sprat,in1_0.statusNekretnine,in1_0.tipGrejanja,tn1_0.idTipaNekretnine,tn1_0.nazivTipaNekretnine,sic1_0.iznosDepozita,sic1_0.mesecnaKirija from stavka_izdavanja sic1_0 left join nekretnina in1_0 on in1_0.idNekretnina=sic1_0.idNekretnina left join tip_nekretnine tn1_0 on tn1_0.idTipaNekretnine=in1_0.idTipaNekretnine where sic1_0.idIzdavanje=?
Hibernate: select sic1_0.idNekretnina,sic1_0.idIzdavanje,ii1_0.idIzdavanje,ii1_0.datumSklapanjaUgovora,ia1_0.id,ia1_0.brojLicence,ia1_0.datumIstekaLicence,ia1_0.ime,ia1_0.korisnickoIme,ia1_0.prezime,ia1_0.sifra,ik1_0.id,ik1_0.brojTelefona,ik1_0.email,ik1_0.idMesto,ik1_0.ime,ik1_0.prezime,ik1_0.starost,ii1_0.nacinPlacanja,ii1_0.napomena,ii1_0.statusUgovora,ii1_0.ukupanIznos,sic1_0.rb,sic1_0.datumPocetkaIzdavanja,sic1_0.datumZavrsetkaIzdavanja,sic1_0.iznosDepozita,sic1_0.mesecnaKirija from stavka_izdavanja sic1_0 join izdavanje ii1_0 on ii1_0.idIzdavanje=sic1_0.idIzdavanje left join agent ia1_0 on ia1_0.id=ii1_0.idAgent left join klijent ik1_0 on ik1_0.id=ii1_0.idKlijent where sic1_0.idNekretnina=?
Hibernate: select sc1_0.idAgent,sc1_0.idSertifikat,sc1_0.datumSticanja,sc1_0.izdavalac,sc1_0.nazivSertifikata from sertifikat sc1_0 where sc1_0.idAgent=?
Hibernate: select sic1_0.idIzdavanje,sic1_0.rb,sic1_0.datumPocetkaIzdavanja,sic1_0.datumZavrsetkaIzdavanja,in1_0.idNekretnina,in1_0.adresa,in1_0.brojSoba,in1_0.godinaIzgradnje,in1_0.opis,in1_0.povrsina,in1_0.sprat,in1_0.statusNekretnine,in1_0.tipGrejanja,tn1_0.idTipaNekretnine,tn1_0.nazivTipaNekretnine,sic1_0.iznosDepozita,sic1_0.mesecnaKirija from stavka_izdavanja sic1_0 left join nekretnina in1_0 on in1_0.idNekretnina=sic1_0.idNekretnina left join tip_nekretnine tn1_0 on tn1_0.idTipaNekretnine=in1_0.idTipaNekretnine where sic1_0.idIzdavanje=?
Hibernate: select sic1_0.idNekretnina,sic1_0.idIzdavanje,ii1_0.idIzdavanje,ii1_0.datumSklapanjaUgovora,ia1_0.id,ia1_0.brojLicence,ia1_0.datumIstekaLicence,ia1_0.ime,ia1_0.korisnickoIme,ia1_0.prezime,ia1_0.sifra,ik1_0.id,ik1_0.brojTelefona,ik1_0.email,ik1_0.idMesto,ik1_0.ime,ik1_0.prezime,ik1_0.starost,ii1_0.nacinPlacanja,ii1_0.napomena,ii1_0.statusUgovora,ii1_0.ukupanIznos,sic1_0.rb,sic1_0.datumPocetkaIzdavanja,sic1_0.datumZavrsetkaIzdavanja,sic1_0.iznosDepozita,sic1_0.mesecnaKirija from stavka_izdavanja sic1_0 join izdavanje ii1_0 on ii1_0.idIzdavanje=sic1_0.idIzdavanje left join agent ia1_0 on ia1_0.id=ii1_0.idAgent left join klijent ik1_0 on ik1_0.id=ii1_0.idKlijent where sic1_0.idNekretnina=?
]]></system-out>
  </testcase>
  <testcase name="getIzdavanjeByIdUspesno" classname="rs.ac.bg.fon.izdavanjestanovaback.controller.IzdavanjeControllerTest" time="0.039">
    <system-out><![CDATA[Hibernate: select i1_0.idIzdavanje,i1_0.datumSklapanjaUgovora,ia1_0.id,ia1_0.brojLicence,ia1_0.datumIstekaLicence,ia1_0.ime,ia1_0.korisnickoIme,ia1_0.prezime,ia1_0.sifra,ik1_0.id,ik1_0.brojTelefona,ik1_0.email,im1_0.id,im1_0.nazivMesta,im1_0.opstina,ik1_0.ime,ik1_0.prezime,ik1_0.starost,i1_0.nacinPlacanja,i1_0.napomena,i1_0.statusUgovora,i1_0.ukupanIznos from izdavanje i1_0 left join agent ia1_0 on ia1_0.id=i1_0.idAgent left join klijent ik1_0 on ik1_0.id=i1_0.idKlijent left join mesto im1_0 on im1_0.id=ik1_0.idMesto where i1_0.idIzdavanje=?
Hibernate: select sc1_0.idAgent,sc1_0.idSertifikat,sc1_0.datumSticanja,sc1_0.izdavalac,sc1_0.nazivSertifikata from sertifikat sc1_0 where sc1_0.idAgent=?
Hibernate: select sic1_0.idIzdavanje,sic1_0.rb,sic1_0.datumPocetkaIzdavanja,sic1_0.datumZavrsetkaIzdavanja,in1_0.idNekretnina,in1_0.adresa,in1_0.brojSoba,in1_0.godinaIzgradnje,in1_0.opis,in1_0.povrsina,in1_0.sprat,in1_0.statusNekretnine,in1_0.tipGrejanja,tn1_0.idTipaNekretnine,tn1_0.nazivTipaNekretnine,sic1_0.iznosDepozita,sic1_0.mesecnaKirija from stavka_izdavanja sic1_0 left join nekretnina in1_0 on in1_0.idNekretnina=sic1_0.idNekretnina left join tip_nekretnine tn1_0 on tn1_0.idTipaNekretnine=in1_0.idTipaNekretnine where sic1_0.idIzdavanje=?
Hibernate: select sic1_0.idNekretnina,sic1_0.idIzdavanje,ii1_0.idIzdavanje,ii1_0.datumSklapanjaUgovora,ia1_0.id,ia1_0.brojLicence,ia1_0.datumIstekaLicence,ia1_0.ime,ia1_0.korisnickoIme,ia1_0.prezime,ia1_0.sifra,ik1_0.id,ik1_0.brojTelefona,ik1_0.email,ik1_0.idMesto,ik1_0.ime,ik1_0.prezime,ik1_0.starost,ii1_0.nacinPlacanja,ii1_0.napomena,ii1_0.statusUgovora,ii1_0.ukupanIznos,sic1_0.rb,sic1_0.datumPocetkaIzdavanja,sic1_0.datumZavrsetkaIzdavanja,sic1_0.iznosDepozita,sic1_0.mesecnaKirija from stavka_izdavanja sic1_0 join izdavanje ii1_0 on ii1_0.idIzdavanje=sic1_0.idIzdavanje left join agent ia1_0 on ia1_0.id=ii1_0.idAgent left join klijent ik1_0 on ik1_0.id=ii1_0.idKlijent where sic1_0.idNekretnina=?
]]></system-out>
  </testcase>
  <testcase name="getIzdavanjeByIdNeuspesnoNepostojeciId" classname="rs.ac.bg.fon.izdavanjestanovaback.controller.IzdavanjeControllerTest" time="0.022">
    <system-out><![CDATA[Hibernate: select i1_0.idIzdavanje,i1_0.datumSklapanjaUgovora,ia1_0.id,ia1_0.brojLicence,ia1_0.datumIstekaLicence,ia1_0.ime,ia1_0.korisnickoIme,ia1_0.prezime,ia1_0.sifra,ik1_0.id,ik1_0.brojTelefona,ik1_0.email,im1_0.id,im1_0.nazivMesta,im1_0.opstina,ik1_0.ime,ik1_0.prezime,ik1_0.starost,i1_0.nacinPlacanja,i1_0.napomena,i1_0.statusUgovora,i1_0.ukupanIznos from izdavanje i1_0 left join agent ia1_0 on ia1_0.id=i1_0.idAgent left join klijent ik1_0 on ik1_0.id=i1_0.idKlijent left join mesto im1_0 on im1_0.id=ik1_0.idMesto where i1_0.idIzdavanje=?
]]></system-out>
    <system-err><![CDATA[java.lang.RuntimeException: Izdavanje nije pronađeno
	at rs.ac.bg.fon.izdavanjestanovaback.service.IzdavanjeService.getIzdavanjeById(IzdavanjeService.java:80)
	at java.base/jdk.internal.reflect.DirectMethodHandleAccessor.invoke(DirectMethodHandleAccessor.java:103)
	at java.base/java.lang.reflect.Method.invoke(Method.java:580)
	at org.springframework.aop.support.AopUtils.invokeJoinpointUsingReflection(AopUtils.java:355)
	at org.springframework.aop.framework.ReflectiveMethodInvocation.invokeJoinpoint(ReflectiveMethodInvocation.java:196)
	at org.springframework.aop.framework.ReflectiveMethodInvocation.proceed(ReflectiveMethodInvocation.java:163)
	at org.springframework.aop.framework.CglibAopProxy$CglibMethodInvocation.proceed(CglibAopProxy.java:768)
	at org.springframework.transaction.interceptor.TransactionAspectSupport.invokeWithinTransaction(TransactionAspectSupport.java:379)
	at org.springframework.transaction.interceptor.TransactionInterceptor.invoke(TransactionInterceptor.java:119)
	at org.springframework.aop.framework.ReflectiveMethodInvocation.proceed(ReflectiveMethodInvocation.java:184)
	at org.springframework.aop.framework.CglibAopProxy$CglibMethodInvocation.proceed(CglibAopProxy.java:768)
	at org.springframework.aop.framework.CglibAopProxy$DynamicAdvisedInterceptor.intercept(CglibAopProxy.java:720)
	at rs.ac.bg.fon.izdavanjestanovaback.service.IzdavanjeService$$SpringCGLIB$$0.getIzdavanjeById(<generated>)
	at rs.ac.bg.fon.izdavanjestanovaback.controller.IzdavanjeController.getIzdavanjeById(IzdavanjeController.java:109)
	at java.base/jdk.internal.reflect.DirectMethodHandleAccessor.invoke(DirectMethodHandleAccessor.java:103)
	at java.base/java.lang.reflect.Method.invoke(Method.java:580)
	at org.springframework.web.method.support.InvocableHandlerMethod.doInvoke(InvocableHandlerMethod.java:255)
	at org.springframework.web.method.support.InvocableHandlerMethod.invokeForRequest(InvocableHandlerMethod.java:188)
	at org.springframework.web.servlet.mvc.method.annotation.ServletInvocableHandlerMethod.invokeAndHandle(ServletInvocableHandlerMethod.java:118)
	at org.springframework.web.servlet.mvc.method.annotation.RequestMappingHandlerAdapter.invokeHandlerMethod(RequestMappingHandlerAdapter.java:926)
	at org.springframework.web.servlet.mvc.method.annotation.RequestMappingHandlerAdapter.handleInternal(RequestMappingHandlerAdapter.java:831)
	at org.springframework.web.servlet.mvc.method.AbstractHandlerMethodAdapter.handle(AbstractHandlerMethodAdapter.java:87)
	at org.springframework.web.servlet.DispatcherServlet.doDispatch(DispatcherServlet.java:1089)
	at org.springframework.web.servlet.DispatcherServlet.doService(DispatcherServlet.java:979)
	at org.springframework.web.servlet.FrameworkServlet.processRequest(FrameworkServlet.java:1014)
	at org.springframework.web.servlet.FrameworkServlet.doGet(FrameworkServlet.java:903)
	at jakarta.servlet.http.HttpServlet.service(HttpServlet.java:564)
	at org.springframework.web.servlet.FrameworkServlet.service(FrameworkServlet.java:885)
	at jakarta.servlet.http.HttpServlet.service(HttpServlet.java:658)
	at org.apache.catalina.core.ApplicationFilterChain.internalDoFilter(ApplicationFilterChain.java:195)
	at org.apache.catalina.core.ApplicationFilterChain.doFilter(ApplicationFilterChain.java:140)
	at org.apache.tomcat.websocket.server.WsFilter.doFilter(WsFilter.java:51)
	at org.apache.catalina.core.ApplicationFilterChain.internalDoFilter(ApplicationFilterChain.java:164)
	at org.apache.catalina.core.ApplicationFilterChain.doFilter(ApplicationFilterChain.java:140)
	at org.springframework.web.filter.RequestContextFilter.doFilterInternal(RequestContextFilter.java:100)
	at org.springframework.web.filter.OncePerRequestFilter.doFilter(OncePerRequestFilter.java:116)
	at org.apache.catalina.core.ApplicationFilterChain.internalDoFilter(ApplicationFilterChain.java:164)
	at org.apache.catalina.core.ApplicationFilterChain.doFilter(ApplicationFilterChain.java:140)
	at org.springframework.web.filter.FormContentFilter.doFilterInternal(FormContentFilter.java:93)
	at org.springframework.web.filter.OncePerRequestFilter.doFilter(OncePerRequestFilter.java:116)
	at org.apache.catalina.core.ApplicationFilterChain.internalDoFilter(ApplicationFilterChain.java:164)
	at org.apache.catalina.core.ApplicationFilterChain.doFilter(ApplicationFilterChain.java:140)
	at org.springframework.web.filter.CharacterEncodingFilter.doFilterInternal(CharacterEncodingFilter.java:201)
	at org.springframework.web.filter.OncePerRequestFilter.doFilter(OncePerRequestFilter.java:116)
	at org.apache.catalina.core.ApplicationFilterChain.internalDoFilter(ApplicationFilterChain.java:164)
	at org.apache.catalina.core.ApplicationFilterChain.doFilter(ApplicationFilterChain.java:140)
	at org.apache.catalina.core.StandardWrapperValve.invoke(StandardWrapperValve.java:167)
	at org.apache.catalina.core.StandardContextValve.invoke(StandardContextValve.java:90)
	at org.apache.catalina.authenticator.AuthenticatorBase.invoke(AuthenticatorBase.java:483)
	at org.apache.catalina.core.StandardHostValve.invoke(StandardHostValve.java:115)
	at org.apache.catalina.valves.ErrorReportValve.invoke(ErrorReportValve.java:93)
	at org.apache.catalina.core.StandardEngineValve.invoke(StandardEngineValve.java:74)
	at org.apache.catalina.connector.CoyoteAdapter.service(CoyoteAdapter.java:344)
	at org.apache.coyote.http11.Http11Processor.service(Http11Processor.java:384)
	at org.apache.coyote.AbstractProcessorLight.process(AbstractProcessorLight.java:63)
	at org.apache.coyote.AbstractProtocol$ConnectionHandler.process(AbstractProtocol.java:905)
	at org.apache.tomcat.util.net.NioEndpoint$SocketProcessor.doRun(NioEndpoint.java:1741)
	at org.apache.tomcat.util.net.SocketProcessorBase.run(SocketProcessorBase.java:52)
	at org.apache.tomcat.util.threads.ThreadPoolExecutor.runWorker(ThreadPoolExecutor.java:1190)
	at org.apache.tomcat.util.threads.ThreadPoolExecutor$Worker.run(ThreadPoolExecutor.java:659)
	at org.apache.tomcat.util.threads.TaskThread$WrappingRunnable.run(TaskThread.java:63)
	at java.base/java.lang.Thread.run(Thread.java:1575)
]]></system-err>
  </testcase>
  <testcase name="getByStatusUspesnoPostojeciStatus" classname="rs.ac.bg.fon.izdavanjestanovaback.controller.IzdavanjeControllerTest" time="0.061">
    <system-out><![CDATA[Hibernate: select i1_0.idIzdavanje,i1_0.datumSklapanjaUgovora,i1_0.idAgent,i1_0.idKlijent,i1_0.nacinPlacanja,i1_0.napomena,i1_0.statusUgovora,i1_0.ukupanIznos from izdavanje i1_0 where i1_0.statusUgovora like replace(?,'\\','\\\\')
Hibernate: select a1_0.id,a1_0.brojLicence,a1_0.datumIstekaLicence,a1_0.ime,a1_0.korisnickoIme,a1_0.prezime,a1_0.sifra from agent a1_0 where a1_0.id=?
Hibernate: select k1_0.id,k1_0.brojTelefona,k1_0.email,im1_0.id,im1_0.nazivMesta,im1_0.opstina,k1_0.ime,k1_0.prezime,k1_0.starost from klijent k1_0 left join mesto im1_0 on im1_0.id=k1_0.idMesto where k1_0.id=?
Hibernate: select a1_0.id,a1_0.brojLicence,a1_0.datumIstekaLicence,a1_0.ime,a1_0.korisnickoIme,a1_0.prezime,a1_0.sifra from agent a1_0 where a1_0.id=?
Hibernate: select k1_0.id,k1_0.brojTelefona,k1_0.email,im1_0.id,im1_0.nazivMesta,im1_0.opstina,k1_0.ime,k1_0.prezime,k1_0.starost from klijent k1_0 left join mesto im1_0 on im1_0.id=k1_0.idMesto where k1_0.id=?
Hibernate: select sc1_0.idAgent,sc1_0.idSertifikat,sc1_0.datumSticanja,sc1_0.izdavalac,sc1_0.nazivSertifikata from sertifikat sc1_0 where sc1_0.idAgent=?
Hibernate: select sic1_0.idIzdavanje,sic1_0.rb,sic1_0.datumPocetkaIzdavanja,sic1_0.datumZavrsetkaIzdavanja,in1_0.idNekretnina,in1_0.adresa,in1_0.brojSoba,in1_0.godinaIzgradnje,in1_0.opis,in1_0.povrsina,in1_0.sprat,in1_0.statusNekretnine,in1_0.tipGrejanja,tn1_0.idTipaNekretnine,tn1_0.nazivTipaNekretnine,sic1_0.iznosDepozita,sic1_0.mesecnaKirija from stavka_izdavanja sic1_0 left join nekretnina in1_0 on in1_0.idNekretnina=sic1_0.idNekretnina left join tip_nekretnine tn1_0 on tn1_0.idTipaNekretnine=in1_0.idTipaNekretnine where sic1_0.idIzdavanje=?
Hibernate: select sic1_0.idNekretnina,sic1_0.idIzdavanje,ii1_0.idIzdavanje,ii1_0.datumSklapanjaUgovora,ia1_0.id,ia1_0.brojLicence,ia1_0.datumIstekaLicence,ia1_0.ime,ia1_0.korisnickoIme,ia1_0.prezime,ia1_0.sifra,ik1_0.id,ik1_0.brojTelefona,ik1_0.email,ik1_0.idMesto,ik1_0.ime,ik1_0.prezime,ik1_0.starost,ii1_0.nacinPlacanja,ii1_0.napomena,ii1_0.statusUgovora,ii1_0.ukupanIznos,sic1_0.rb,sic1_0.datumPocetkaIzdavanja,sic1_0.datumZavrsetkaIzdavanja,sic1_0.iznosDepozita,sic1_0.mesecnaKirija from stavka_izdavanja sic1_0 join izdavanje ii1_0 on ii1_0.idIzdavanje=sic1_0.idIzdavanje left join agent ia1_0 on ia1_0.id=ii1_0.idAgent left join klijent ik1_0 on ik1_0.id=ii1_0.idKlijent where sic1_0.idNekretnina=?
Hibernate: select sc1_0.idAgent,sc1_0.idSertifikat,sc1_0.datumSticanja,sc1_0.izdavalac,sc1_0.nazivSertifikata from sertifikat sc1_0 where sc1_0.idAgent=?
Hibernate: select sic1_0.idIzdavanje,sic1_0.rb,sic1_0.datumPocetkaIzdavanja,sic1_0.datumZavrsetkaIzdavanja,in1_0.idNekretnina,in1_0.adresa,in1_0.brojSoba,in1_0.godinaIzgradnje,in1_0.opis,in1_0.povrsina,in1_0.sprat,in1_0.statusNekretnine,in1_0.tipGrejanja,tn1_0.idTipaNekretnine,tn1_0.nazivTipaNekretnine,sic1_0.iznosDepozita,sic1_0.mesecnaKirija from stavka_izdavanja sic1_0 left join nekretnina in1_0 on in1_0.idNekretnina=sic1_0.idNekretnina left join tip_nekretnine tn1_0 on tn1_0.idTipaNekretnine=in1_0.idTipaNekretnine where sic1_0.idIzdavanje=?
Hibernate: select sic1_0.idNekretnina,sic1_0.idIzdavanje,ii1_0.idIzdavanje,ii1_0.datumSklapanjaUgovora,ia1_0.id,ia1_0.brojLicence,ia1_0.datumIstekaLicence,ia1_0.ime,ia1_0.korisnickoIme,ia1_0.prezime,ia1_0.sifra,ik1_0.id,ik1_0.brojTelefona,ik1_0.email,ik1_0.idMesto,ik1_0.ime,ik1_0.prezime,ik1_0.starost,ii1_0.nacinPlacanja,ii1_0.napomena,ii1_0.statusUgovora,ii1_0.ukupanIznos,sic1_0.rb,sic1_0.datumPocetkaIzdavanja,sic1_0.datumZavrsetkaIzdavanja,sic1_0.iznosDepozita,sic1_0.mesecnaKirija from stavka_izdavanja sic1_0 join izdavanje ii1_0 on ii1_0.idIzdavanje=sic1_0.idIzdavanje left join agent ia1_0 on ia1_0.id=ii1_0.idAgent left join klijent ik1_0 on ik1_0.id=ii1_0.idKlijent where sic1_0.idNekretnina=?
]]></system-out>
  </testcase>
  <testcase name="getByStatusPraznaListaNepostojeciStatus" classname="rs.ac.bg.fon.izdavanjestanovaback.controller.IzdavanjeControllerTest" time="0.011">
    <system-out><![CDATA[Hibernate: select i1_0.idIzdavanje,i1_0.datumSklapanjaUgovora,i1_0.idAgent,i1_0.idKlijent,i1_0.nacinPlacanja,i1_0.napomena,i1_0.statusUgovora,i1_0.ukupanIznos from izdavanje i1_0 where i1_0.statusUgovora like replace(?,'\\','\\\\')
]]></system-out>
  </testcase>
  <testcase name="getByKlijentUspesnoPoImenu" classname="rs.ac.bg.fon.izdavanjestanovaback.controller.IzdavanjeControllerTest" time="0.026">
    <system-out><![CDATA[Hibernate: select i1_0.idIzdavanje,i1_0.datumSklapanjaUgovora,i1_0.idAgent,i1_0.idKlijent,i1_0.nacinPlacanja,i1_0.napomena,i1_0.statusUgovora,i1_0.ukupanIznos from izdavanje i1_0 join klijent ik1_0 on ik1_0.id=i1_0.idKlijent where ik1_0.ime like replace(?,'\\','\\\\') and ik1_0.prezime like replace(?,'\\','\\\\')
Hibernate: select a1_0.id,a1_0.brojLicence,a1_0.datumIstekaLicence,a1_0.ime,a1_0.korisnickoIme,a1_0.prezime,a1_0.sifra from agent a1_0 where a1_0.id=?
Hibernate: select k1_0.id,k1_0.brojTelefona,k1_0.email,im1_0.id,im1_0.nazivMesta,im1_0.opstina,k1_0.ime,k1_0.prezime,k1_0.starost from klijent k1_0 left join mesto im1_0 on im1_0.id=k1_0.idMesto where k1_0.id=?
Hibernate: select sc1_0.idAgent,sc1_0.idSertifikat,sc1_0.datumSticanja,sc1_0.izdavalac,sc1_0.nazivSertifikata from sertifikat sc1_0 where sc1_0.idAgent=?
Hibernate: select sic1_0.idIzdavanje,sic1_0.rb,sic1_0.datumPocetkaIzdavanja,sic1_0.datumZavrsetkaIzdavanja,in1_0.idNekretnina,in1_0.adresa,in1_0.brojSoba,in1_0.godinaIzgradnje,in1_0.opis,in1_0.povrsina,in1_0.sprat,in1_0.statusNekretnine,in1_0.tipGrejanja,tn1_0.idTipaNekretnine,tn1_0.nazivTipaNekretnine,sic1_0.iznosDepozita,sic1_0.mesecnaKirija from stavka_izdavanja sic1_0 left join nekretnina in1_0 on in1_0.idNekretnina=sic1_0.idNekretnina left join tip_nekretnine tn1_0 on tn1_0.idTipaNekretnine=in1_0.idTipaNekretnine where sic1_0.idIzdavanje=?
Hibernate: select sic1_0.idNekretnina,sic1_0.idIzdavanje,ii1_0.idIzdavanje,ii1_0.datumSklapanjaUgovora,ia1_0.id,ia1_0.brojLicence,ia1_0.datumIstekaLicence,ia1_0.ime,ia1_0.korisnickoIme,ia1_0.prezime,ia1_0.sifra,ik1_0.id,ik1_0.brojTelefona,ik1_0.email,ik1_0.idMesto,ik1_0.ime,ik1_0.prezime,ik1_0.starost,ii1_0.nacinPlacanja,ii1_0.napomena,ii1_0.statusUgovora,ii1_0.ukupanIznos,sic1_0.rb,sic1_0.datumPocetkaIzdavanja,sic1_0.datumZavrsetkaIzdavanja,sic1_0.iznosDepozita,sic1_0.mesecnaKirija from stavka_izdavanja sic1_0 join izdavanje ii1_0 on ii1_0.idIzdavanje=sic1_0.idIzdavanje left join agent ia1_0 on ia1_0.id=ii1_0.idAgent left join klijent ik1_0 on ik1_0.id=ii1_0.idKlijent where sic1_0.idNekretnina=?
]]></system-out>
  </testcase>
  <testcase name="getByKlijentUspesnoPoPrezimenu" classname="rs.ac.bg.fon.izdavanjestanovaback.controller.IzdavanjeControllerTest" time="0.014">
    <system-out><![CDATA[Hibernate: select i1_0.idIzdavanje,i1_0.datumSklapanjaUgovora,i1_0.idAgent,i1_0.idKlijent,i1_0.nacinPlacanja,i1_0.napomena,i1_0.statusUgovora,i1_0.ukupanIznos from izdavanje i1_0 join klijent ik1_0 on ik1_0.id=i1_0.idKlijent where ik1_0.ime like replace(?,'\\','\\\\') and ik1_0.prezime like replace(?,'\\','\\\\')
Hibernate: select a1_0.id,a1_0.brojLicence,a1_0.datumIstekaLicence,a1_0.ime,a1_0.korisnickoIme,a1_0.prezime,a1_0.sifra from agent a1_0 where a1_0.id=?
Hibernate: select k1_0.id,k1_0.brojTelefona,k1_0.email,im1_0.id,im1_0.nazivMesta,im1_0.opstina,k1_0.ime,k1_0.prezime,k1_0.starost from klijent k1_0 left join mesto im1_0 on im1_0.id=k1_0.idMesto where k1_0.id=?
Hibernate: select sc1_0.idAgent,sc1_0.idSertifikat,sc1_0.datumSticanja,sc1_0.izdavalac,sc1_0.nazivSertifikata from sertifikat sc1_0 where sc1_0.idAgent=?
Hibernate: select sic1_0.idIzdavanje,sic1_0.rb,sic1_0.datumPocetkaIzdavanja,sic1_0.datumZavrsetkaIzdavanja,in1_0.idNekretnina,in1_0.adresa,in1_0.brojSoba,in1_0.godinaIzgradnje,in1_0.opis,in1_0.povrsina,in1_0.sprat,in1_0.statusNekretnine,in1_0.tipGrejanja,tn1_0.idTipaNekretnine,tn1_0.nazivTipaNekretnine,sic1_0.iznosDepozita,sic1_0.mesecnaKirija from stavka_izdavanja sic1_0 left join nekretnina in1_0 on in1_0.idNekretnina=sic1_0.idNekretnina left join tip_nekretnine tn1_0 on tn1_0.idTipaNekretnine=in1_0.idTipaNekretnine where sic1_0.idIzdavanje=?
Hibernate: select sic1_0.idNekretnina,sic1_0.idIzdavanje,ii1_0.idIzdavanje,ii1_0.datumSklapanjaUgovora,ia1_0.id,ia1_0.brojLicence,ia1_0.datumIstekaLicence,ia1_0.ime,ia1_0.korisnickoIme,ia1_0.prezime,ia1_0.sifra,ik1_0.id,ik1_0.brojTelefona,ik1_0.email,ik1_0.idMesto,ik1_0.ime,ik1_0.prezime,ik1_0.starost,ii1_0.nacinPlacanja,ii1_0.napomena,ii1_0.statusUgovora,ii1_0.ukupanIznos,sic1_0.rb,sic1_0.datumPocetkaIzdavanja,sic1_0.datumZavrsetkaIzdavanja,sic1_0.iznosDepozita,sic1_0.mesecnaKirija from stavka_izdavanja sic1_0 join izdavanje ii1_0 on ii1_0.idIzdavanje=sic1_0.idIzdavanje left join agent ia1_0 on ia1_0.id=ii1_0.idAgent left join klijent ik1_0 on ik1_0.id=ii1_0.idKlijent where sic1_0.idNekretnina=?
]]></system-out>
  </testcase>
  <testcase name="getByKlijentPraznaListaNepostojeciKlijent" classname="rs.ac.bg.fon.izdavanjestanovaback.controller.IzdavanjeControllerTest" time="0.01">
    <system-out><![CDATA[Hibernate: select i1_0.idIzdavanje,i1_0.datumSklapanjaUgovora,i1_0.idAgent,i1_0.idKlijent,i1_0.nacinPlacanja,i1_0.napomena,i1_0.statusUgovora,i1_0.ukupanIznos from izdavanje i1_0 join klijent ik1_0 on ik1_0.id=i1_0.idKlijent where ik1_0.ime like replace(?,'\\','\\\\') and ik1_0.prezime like replace(?,'\\','\\\\')
]]></system-out>
  </testcase>
  <testcase name="getByKlijentUspesnoBezParametara" classname="rs.ac.bg.fon.izdavanjestanovaback.controller.IzdavanjeControllerTest" time="0.024">
    <system-out><![CDATA[Hibernate: select i1_0.idIzdavanje,i1_0.datumSklapanjaUgovora,i1_0.idAgent,i1_0.idKlijent,i1_0.nacinPlacanja,i1_0.napomena,i1_0.statusUgovora,i1_0.ukupanIznos from izdavanje i1_0 join klijent ik1_0 on ik1_0.id=i1_0.idKlijent where ik1_0.ime like replace(?,'\\','\\\\') and ik1_0.prezime like replace(?,'\\','\\\\')
Hibernate: select a1_0.id,a1_0.brojLicence,a1_0.datumIstekaLicence,a1_0.ime,a1_0.korisnickoIme,a1_0.prezime,a1_0.sifra from agent a1_0 where a1_0.id=?
Hibernate: select k1_0.id,k1_0.brojTelefona,k1_0.email,im1_0.id,im1_0.nazivMesta,im1_0.opstina,k1_0.ime,k1_0.prezime,k1_0.starost from klijent k1_0 left join mesto im1_0 on im1_0.id=k1_0.idMesto where k1_0.id=?
Hibernate: select k1_0.id,k1_0.brojTelefona,k1_0.email,im1_0.id,im1_0.nazivMesta,im1_0.opstina,k1_0.ime,k1_0.prezime,k1_0.starost from klijent k1_0 left join mesto im1_0 on im1_0.id=k1_0.idMesto where k1_0.id=?
Hibernate: select a1_0.id,a1_0.brojLicence,a1_0.datumIstekaLicence,a1_0.ime,a1_0.korisnickoIme,a1_0.prezime,a1_0.sifra from agent a1_0 where a1_0.id=?
Hibernate: select k1_0.id,k1_0.brojTelefona,k1_0.email,im1_0.id,im1_0.nazivMesta,im1_0.opstina,k1_0.ime,k1_0.prezime,k1_0.starost from klijent k1_0 left join mesto im1_0 on im1_0.id=k1_0.idMesto where k1_0.id=?
Hibernate: select sc1_0.idAgent,sc1_0.idSertifikat,sc1_0.datumSticanja,sc1_0.izdavalac,sc1_0.nazivSertifikata from sertifikat sc1_0 where sc1_0.idAgent=?
Hibernate: select sic1_0.idIzdavanje,sic1_0.rb,sic1_0.datumPocetkaIzdavanja,sic1_0.datumZavrsetkaIzdavanja,in1_0.idNekretnina,in1_0.adresa,in1_0.brojSoba,in1_0.godinaIzgradnje,in1_0.opis,in1_0.povrsina,in1_0.sprat,in1_0.statusNekretnine,in1_0.tipGrejanja,tn1_0.idTipaNekretnine,tn1_0.nazivTipaNekretnine,sic1_0.iznosDepozita,sic1_0.mesecnaKirija from stavka_izdavanja sic1_0 left join nekretnina in1_0 on in1_0.idNekretnina=sic1_0.idNekretnina left join tip_nekretnine tn1_0 on tn1_0.idTipaNekretnine=in1_0.idTipaNekretnine where sic1_0.idIzdavanje=?
Hibernate: select sic1_0.idNekretnina,sic1_0.idIzdavanje,ii1_0.idIzdavanje,ii1_0.datumSklapanjaUgovora,ia1_0.id,ia1_0.brojLicence,ia1_0.datumIstekaLicence,ia1_0.ime,ia1_0.korisnickoIme,ia1_0.prezime,ia1_0.sifra,ik1_0.id,ik1_0.brojTelefona,ik1_0.email,ik1_0.idMesto,ik1_0.ime,ik1_0.prezime,ik1_0.starost,ii1_0.nacinPlacanja,ii1_0.napomena,ii1_0.statusUgovora,ii1_0.ukupanIznos,sic1_0.rb,sic1_0.datumPocetkaIzdavanja,sic1_0.datumZavrsetkaIzdavanja,sic1_0.iznosDepozita,sic1_0.mesecnaKirija from stavka_izdavanja sic1_0 join izdavanje ii1_0 on ii1_0.idIzdavanje=sic1_0.idIzdavanje left join agent ia1_0 on ia1_0.id=ii1_0.idAgent left join klijent ik1_0 on ik1_0.id=ii1_0.idKlijent where sic1_0.idNekretnina=?
Hibernate: select sic1_0.idIzdavanje,sic1_0.rb,sic1_0.datumPocetkaIzdavanja,sic1_0.datumZavrsetkaIzdavanja,in1_0.idNekretnina,in1_0.adresa,in1_0.brojSoba,in1_0.godinaIzgradnje,in1_0.opis,in1_0.povrsina,in1_0.sprat,in1_0.statusNekretnine,in1_0.tipGrejanja,tn1_0.idTipaNekretnine,tn1_0.nazivTipaNekretnine,sic1_0.iznosDepozita,sic1_0.mesecnaKirija from stavka_izdavanja sic1_0 left join nekretnina in1_0 on in1_0.idNekretnina=sic1_0.idNekretnina left join tip_nekretnine tn1_0 on tn1_0.idTipaNekretnine=in1_0.idTipaNekretnine where sic1_0.idIzdavanje=?
Hibernate: select sic1_0.idNekretnina,sic1_0.idIzdavanje,ii1_0.idIzdavanje,ii1_0.datumSklapanjaUgovora,ia1_0.id,ia1_0.brojLicence,ia1_0.datumIstekaLicence,ia1_0.ime,ia1_0.korisnickoIme,ia1_0.prezime,ia1_0.sifra,ik1_0.id,ik1_0.brojTelefona,ik1_0.email,ik1_0.idMesto,ik1_0.ime,ik1_0.prezime,ik1_0.starost,ii1_0.nacinPlacanja,ii1_0.napomena,ii1_0.statusUgovora,ii1_0.ukupanIznos,sic1_0.rb,sic1_0.datumPocetkaIzdavanja,sic1_0.datumZavrsetkaIzdavanja,sic1_0.iznosDepozita,sic1_0.mesecnaKirija from stavka_izdavanja sic1_0 join izdavanje ii1_0 on ii1_0.idIzdavanje=sic1_0.idIzdavanje left join agent ia1_0 on ia1_0.id=ii1_0.idAgent left join klijent ik1_0 on ik1_0.id=ii1_0.idKlijent where sic1_0.idNekretnina=?
Hibernate: select sc1_0.idAgent,sc1_0.idSertifikat,sc1_0.datumSticanja,sc1_0.izdavalac,sc1_0.nazivSertifikata from sertifikat sc1_0 where sc1_0.idAgent=?
Hibernate: select sic1_0.idIzdavanje,sic1_0.rb,sic1_0.datumPocetkaIzdavanja,sic1_0.datumZavrsetkaIzdavanja,in1_0.idNekretnina,in1_0.adresa,in1_0.brojSoba,in1_0.godinaIzgradnje,in1_0.opis,in1_0.povrsina,in1_0.sprat,in1_0.statusNekretnine,in1_0.tipGrejanja,tn1_0.idTipaNekretnine,tn1_0.nazivTipaNekretnine,sic1_0.iznosDepozita,sic1_0.mesecnaKirija from stavka_izdavanja sic1_0 left join nekretnina in1_0 on in1_0.idNekretnina=sic1_0.idNekretnina left join tip_nekretnine tn1_0 on tn1_0.idTipaNekretnine=in1_0.idTipaNekretnine where sic1_0.idIzdavanje=?
Hibernate: select sic1_0.idNekretnina,sic1_0.idIzdavanje,ii1_0.idIzdavanje,ii1_0.datumSklapanjaUgovora,ia1_0.id,ia1_0.brojLicence,ia1_0.datumIstekaLicence,ia1_0.ime,ia1_0.korisnickoIme,ia1_0.prezime,ia1_0.sifra,ik1_0.id,ik1_0.brojTelefona,ik1_0.email,ik1_0.idMesto,ik1_0.ime,ik1_0.prezime,ik1_0.starost,ii1_0.nacinPlacanja,ii1_0.napomena,ii1_0.statusUgovora,ii1_0.ukupanIznos,sic1_0.rb,sic1_0.datumPocetkaIzdavanja,sic1_0.datumZavrsetkaIzdavanja,sic1_0.iznosDepozita,sic1_0.mesecnaKirija from stavka_izdavanja sic1_0 join izdavanje ii1_0 on ii1_0.idIzdavanje=sic1_0.idIzdavanje left join agent ia1_0 on ia1_0.id=ii1_0.idAgent left join klijent ik1_0 on ik1_0.id=ii1_0.idKlijent where sic1_0.idNekretnina=?
]]></system-out>
  </testcase>
  <testcase name="addIzdavanjeUspesno" classname="rs.ac.bg.fon.izdavanjestanovaback.controller.IzdavanjeControllerTest" time="0.074">
    <system-out><![CDATA[Hibernate: select k1_0.id,k1_0.brojTelefona,k1_0.email,im1_0.id,im1_0.nazivMesta,im1_0.opstina,k1_0.ime,k1_0.prezime,k1_0.starost from klijent k1_0 left join mesto im1_0 on im1_0.id=k1_0.idMesto where k1_0.id=?
Hibernate: select a1_0.id,a1_0.brojLicence,a1_0.datumIstekaLicence,a1_0.ime,a1_0.korisnickoIme,a1_0.prezime,a1_0.sifra from agent a1_0 where a1_0.id=?
Hibernate: insert into izdavanje (datumSklapanjaUgovora,idAgent,idKlijent,nacinPlacanja,napomena,statusUgovora,ukupanIznos) values (?,?,?,?,?,?,?)
Hibernate: insert into stavka_izdavanja (datumPocetkaIzdavanja,datumZavrsetkaIzdavanja,idNekretnina,iznosDepozita,mesecnaKirija,idIzdavanje,rb) values (?,?,?,?,?,?,?)
]]></system-out>
  </testcase>
  <testcase name="addIzdavanjeNeuspesnoAgentNull" classname="rs.ac.bg.fon.izdavanjestanovaback.controller.IzdavanjeControllerTest" time="0.009">
    <system-out><![CDATA[Hibernate: select k1_0.id,k1_0.brojTelefona,k1_0.email,im1_0.id,im1_0.nazivMesta,im1_0.opstina,k1_0.ime,k1_0.prezime,k1_0.starost from klijent k1_0 left join mesto im1_0 on im1_0.id=k1_0.idMesto where k1_0.id=?
]]></system-out>
  </testcase>
  <testcase name="addIzdavanjeNeuspesnoNepostojeciAgent" classname="rs.ac.bg.fon.izdavanjestanovaback.controller.IzdavanjeControllerTest" time="0.01">
    <system-out><![CDATA[Hibernate: select k1_0.id,k1_0.brojTelefona,k1_0.email,im1_0.id,im1_0.nazivMesta,im1_0.opstina,k1_0.ime,k1_0.prezime,k1_0.starost from klijent k1_0 left join mesto im1_0 on im1_0.id=k1_0.idMesto where k1_0.id=?
Hibernate: select a1_0.id,a1_0.brojLicence,a1_0.datumIstekaLicence,a1_0.ime,a1_0.korisnickoIme,a1_0.prezime,a1_0.sifra from agent a1_0 where a1_0.id=?
]]></system-out>
  </testcase>
  <testcase name="addIzdavanjeNeuspesnoKlijentNull" classname="rs.ac.bg.fon.izdavanjestanovaback.controller.IzdavanjeControllerTest" time="0.008"/>
  <testcase name="addIzdavanjeNeuspesnoNepostojeciKlijent" classname="rs.ac.bg.fon.izdavanjestanovaback.controller.IzdavanjeControllerTest" time="0.023">
    <system-out><![CDATA[Hibernate: select k1_0.id,k1_0.brojTelefona,k1_0.email,im1_0.id,im1_0.nazivMesta,im1_0.opstina,k1_0.ime,k1_0.prezime,k1_0.starost from klijent k1_0 left join mesto im1_0 on im1_0.id=k1_0.idMesto where k1_0.id=?
]]></system-out>
  </testcase>
  <testcase name="addIzdavanjeNeuspesnoNullTelo" classname="rs.ac.bg.fon.izdavanjestanovaback.controller.IzdavanjeControllerTest" time="0.009"/>
  <testcase name="updateIzdavanjeNeuspesnoNepostojeciId" classname="rs.ac.bg.fon.izdavanjestanovaback.controller.IzdavanjeControllerTest" time="0.016">
    <system-out><![CDATA[Hibernate: select i1_0.idIzdavanje,i1_0.datumSklapanjaUgovora,ia1_0.id,ia1_0.brojLicence,ia1_0.datumIstekaLicence,ia1_0.ime,ia1_0.korisnickoIme,ia1_0.prezime,ia1_0.sifra,ik1_0.id,ik1_0.brojTelefona,ik1_0.email,im1_0.id,im1_0.nazivMesta,im1_0.opstina,ik1_0.ime,ik1_0.prezime,ik1_0.starost,i1_0.nacinPlacanja,i1_0.napomena,i1_0.statusUgovora,i1_0.ukupanIznos from izdavanje i1_0 left join agent ia1_0 on ia1_0.id=i1_0.idAgent left join klijent ik1_0 on ik1_0.id=i1_0.idKlijent left join mesto im1_0 on im1_0.id=ik1_0.idMesto where i1_0.idIzdavanje=?
]]></system-out>
  </testcase>
  <testcase name="updateIzdavanjeNeuspesnoAgentNull" classname="rs.ac.bg.fon.izdavanjestanovaback.controller.IzdavanjeControllerTest" time="0.012">
    <system-out><![CDATA[Hibernate: select i1_0.idIzdavanje,i1_0.datumSklapanjaUgovora,ia1_0.id,ia1_0.brojLicence,ia1_0.datumIstekaLicence,ia1_0.ime,ia1_0.korisnickoIme,ia1_0.prezime,ia1_0.sifra,ik1_0.id,ik1_0.brojTelefona,ik1_0.email,im1_0.id,im1_0.nazivMesta,im1_0.opstina,ik1_0.ime,ik1_0.prezime,ik1_0.starost,i1_0.nacinPlacanja,i1_0.napomena,i1_0.statusUgovora,i1_0.ukupanIznos from izdavanje i1_0 left join agent ia1_0 on ia1_0.id=i1_0.idAgent left join klijent ik1_0 on ik1_0.id=i1_0.idKlijent left join mesto im1_0 on im1_0.id=ik1_0.idMesto where i1_0.idIzdavanje=?
]]></system-out>
  </testcase>
  <testcase name="updateIzdavanjeNeuspesnoNepostojeciAgent" classname="rs.ac.bg.fon.izdavanjestanovaback.controller.IzdavanjeControllerTest" time="0.018">
    <system-out><![CDATA[Hibernate: select i1_0.idIzdavanje,i1_0.datumSklapanjaUgovora,ia1_0.id,ia1_0.brojLicence,ia1_0.datumIstekaLicence,ia1_0.ime,ia1_0.korisnickoIme,ia1_0.prezime,ia1_0.sifra,ik1_0.id,ik1_0.brojTelefona,ik1_0.email,im1_0.id,im1_0.nazivMesta,im1_0.opstina,ik1_0.ime,ik1_0.prezime,ik1_0.starost,i1_0.nacinPlacanja,i1_0.napomena,i1_0.statusUgovora,i1_0.ukupanIznos from izdavanje i1_0 left join agent ia1_0 on ia1_0.id=i1_0.idAgent left join klijent ik1_0 on ik1_0.id=i1_0.idKlijent left join mesto im1_0 on im1_0.id=ik1_0.idMesto where i1_0.idIzdavanje=?
Hibernate: select a1_0.id,a1_0.brojLicence,a1_0.datumIstekaLicence,a1_0.ime,a1_0.korisnickoIme,a1_0.prezime,a1_0.sifra from agent a1_0 where a1_0.id=?
]]></system-out>
  </testcase>
  <testcase name="updateIzdavanjeNeuspesnoKlijentNull" classname="rs.ac.bg.fon.izdavanjestanovaback.controller.IzdavanjeControllerTest" time="0.018">
    <system-out><![CDATA[Hibernate: select i1_0.idIzdavanje,i1_0.datumSklapanjaUgovora,ia1_0.id,ia1_0.brojLicence,ia1_0.datumIstekaLicence,ia1_0.ime,ia1_0.korisnickoIme,ia1_0.prezime,ia1_0.sifra,ik1_0.id,ik1_0.brojTelefona,ik1_0.email,im1_0.id,im1_0.nazivMesta,im1_0.opstina,ik1_0.ime,ik1_0.prezime,ik1_0.starost,i1_0.nacinPlacanja,i1_0.napomena,i1_0.statusUgovora,i1_0.ukupanIznos from izdavanje i1_0 left join agent ia1_0 on ia1_0.id=i1_0.idAgent left join klijent ik1_0 on ik1_0.id=i1_0.idKlijent left join mesto im1_0 on im1_0.id=ik1_0.idMesto where i1_0.idIzdavanje=?
]]></system-out>
  </testcase>
  <testcase name="updateIzdavanjeNeuspesnoNepostojeciKlijent" classname="rs.ac.bg.fon.izdavanjestanovaback.controller.IzdavanjeControllerTest" time="0.017">
    <system-out><![CDATA[Hibernate: select i1_0.idIzdavanje,i1_0.datumSklapanjaUgovora,ia1_0.id,ia1_0.brojLicence,ia1_0.datumIstekaLicence,ia1_0.ime,ia1_0.korisnickoIme,ia1_0.prezime,ia1_0.sifra,ik1_0.id,ik1_0.brojTelefona,ik1_0.email,im1_0.id,im1_0.nazivMesta,im1_0.opstina,ik1_0.ime,ik1_0.prezime,ik1_0.starost,i1_0.nacinPlacanja,i1_0.napomena,i1_0.statusUgovora,i1_0.ukupanIznos from izdavanje i1_0 left join agent ia1_0 on ia1_0.id=i1_0.idAgent left join klijent ik1_0 on ik1_0.id=i1_0.idKlijent left join mesto im1_0 on im1_0.id=ik1_0.idMesto where i1_0.idIzdavanje=?
Hibernate: select k1_0.id,k1_0.brojTelefona,k1_0.email,im1_0.id,im1_0.nazivMesta,im1_0.opstina,k1_0.ime,k1_0.prezime,k1_0.starost from klijent k1_0 left join mesto im1_0 on im1_0.id=k1_0.idMesto where k1_0.id=?
]]></system-out>
  </testcase>
  <testcase name="updateIzdavanjeUspesno" classname="rs.ac.bg.fon.izdavanjestanovaback.controller.IzdavanjeControllerTest" time="0.033">
    <system-out><![CDATA[Hibernate: select i1_0.idIzdavanje,i1_0.datumSklapanjaUgovora,ia1_0.id,ia1_0.brojLicence,ia1_0.datumIstekaLicence,ia1_0.ime,ia1_0.korisnickoIme,ia1_0.prezime,ia1_0.sifra,ik1_0.id,ik1_0.brojTelefona,ik1_0.email,im1_0.id,im1_0.nazivMesta,im1_0.opstina,ik1_0.ime,ik1_0.prezime,ik1_0.starost,i1_0.nacinPlacanja,i1_0.napomena,i1_0.statusUgovora,i1_0.ukupanIznos from izdavanje i1_0 left join agent ia1_0 on ia1_0.id=i1_0.idAgent left join klijent ik1_0 on ik1_0.id=i1_0.idKlijent left join mesto im1_0 on im1_0.id=ik1_0.idMesto where i1_0.idIzdavanje=?
Hibernate: select k1_0.id,k1_0.brojTelefona,k1_0.email,im1_0.id,im1_0.nazivMesta,im1_0.opstina,k1_0.ime,k1_0.prezime,k1_0.starost from klijent k1_0 left join mesto im1_0 on im1_0.id=k1_0.idMesto where k1_0.id=?
Hibernate: select sic1_0.idIzdavanje,sic1_0.rb,sic1_0.datumPocetkaIzdavanja,sic1_0.datumZavrsetkaIzdavanja,in1_0.idNekretnina,in1_0.adresa,in1_0.brojSoba,in1_0.godinaIzgradnje,in1_0.opis,in1_0.povrsina,in1_0.sprat,in1_0.statusNekretnine,in1_0.tipGrejanja,tn1_0.idTipaNekretnine,tn1_0.nazivTipaNekretnine,sic1_0.iznosDepozita,sic1_0.mesecnaKirija from stavka_izdavanja sic1_0 left join nekretnina in1_0 on in1_0.idNekretnina=sic1_0.idNekretnina left join tip_nekretnine tn1_0 on tn1_0.idTipaNekretnine=in1_0.idTipaNekretnine where sic1_0.idIzdavanje=?
Hibernate: select sic1_0.idNekretnina,sic1_0.idIzdavanje,ii1_0.idIzdavanje,ii1_0.datumSklapanjaUgovora,ia1_0.id,ia1_0.brojLicence,ia1_0.datumIstekaLicence,ia1_0.ime,ia1_0.korisnickoIme,ia1_0.prezime,ia1_0.sifra,ik1_0.id,ik1_0.brojTelefona,ik1_0.email,ik1_0.idMesto,ik1_0.ime,ik1_0.prezime,ik1_0.starost,ii1_0.nacinPlacanja,ii1_0.napomena,ii1_0.statusUgovora,ii1_0.ukupanIznos,sic1_0.rb,sic1_0.datumPocetkaIzdavanja,sic1_0.datumZavrsetkaIzdavanja,sic1_0.iznosDepozita,sic1_0.mesecnaKirija from stavka_izdavanja sic1_0 join izdavanje ii1_0 on ii1_0.idIzdavanje=sic1_0.idIzdavanje left join agent ia1_0 on ia1_0.id=ii1_0.idAgent left join klijent ik1_0 on ik1_0.id=ii1_0.idKlijent where sic1_0.idNekretnina=?
Hibernate: update izdavanje set datumSklapanjaUgovora=?,idAgent=?,idKlijent=?,nacinPlacanja=?,napomena=?,statusUgovora=?,ukupanIznos=? where idIzdavanje=?
Hibernate: update stavka_izdavanja set datumPocetkaIzdavanja=?,datumZavrsetkaIzdavanja=?,idNekretnina=?,iznosDepozita=?,mesecnaKirija=? where idIzdavanje=? and rb=?
]]></system-out>
  </testcase>
  <testcase name="deleteIzdavanjeUspesno" classname="rs.ac.bg.fon.izdavanjestanovaback.controller.IzdavanjeControllerTest" time="0.043">
    <system-out><![CDATA[Hibernate: select i1_0.idIzdavanje,i1_0.datumSklapanjaUgovora,ia1_0.id,ia1_0.brojLicence,ia1_0.datumIstekaLicence,ia1_0.ime,ia1_0.korisnickoIme,ia1_0.prezime,ia1_0.sifra,ik1_0.id,ik1_0.brojTelefona,ik1_0.email,im1_0.id,im1_0.nazivMesta,im1_0.opstina,ik1_0.ime,ik1_0.prezime,ik1_0.starost,i1_0.nacinPlacanja,i1_0.napomena,i1_0.statusUgovora,i1_0.ukupanIznos from izdavanje i1_0 left join agent ia1_0 on ia1_0.id=i1_0.idAgent left join klijent ik1_0 on ik1_0.id=i1_0.idKlijent left join mesto im1_0 on im1_0.id=ik1_0.idMesto where i1_0.idIzdavanje=?
Hibernate: select sic1_0.idIzdavanje,sic1_0.rb,sic1_0.datumPocetkaIzdavanja,sic1_0.datumZavrsetkaIzdavanja,in1_0.idNekretnina,in1_0.adresa,in1_0.brojSoba,in1_0.godinaIzgradnje,in1_0.opis,in1_0.povrsina,in1_0.sprat,in1_0.statusNekretnine,in1_0.tipGrejanja,tn1_0.idTipaNekretnine,tn1_0.nazivTipaNekretnine,sic1_0.iznosDepozita,sic1_0.mesecnaKirija from stavka_izdavanja sic1_0 left join nekretnina in1_0 on in1_0.idNekretnina=sic1_0.idNekretnina left join tip_nekretnine tn1_0 on tn1_0.idTipaNekretnine=in1_0.idTipaNekretnine where sic1_0.idIzdavanje=?
Hibernate: select sic1_0.idNekretnina,sic1_0.idIzdavanje,ii1_0.idIzdavanje,ii1_0.datumSklapanjaUgovora,ia1_0.id,ia1_0.brojLicence,ia1_0.datumIstekaLicence,ia1_0.ime,ia1_0.korisnickoIme,ia1_0.prezime,ia1_0.sifra,ik1_0.id,ik1_0.brojTelefona,ik1_0.email,ik1_0.idMesto,ik1_0.ime,ik1_0.prezime,ik1_0.starost,ii1_0.nacinPlacanja,ii1_0.napomena,ii1_0.statusUgovora,ii1_0.ukupanIznos,sic1_0.rb,sic1_0.datumPocetkaIzdavanja,sic1_0.datumZavrsetkaIzdavanja,sic1_0.iznosDepozita,sic1_0.mesecnaKirija from stavka_izdavanja sic1_0 join izdavanje ii1_0 on ii1_0.idIzdavanje=sic1_0.idIzdavanje left join agent ia1_0 on ia1_0.id=ii1_0.idAgent left join klijent ik1_0 on ik1_0.id=ii1_0.idKlijent where sic1_0.idNekretnina=?
Hibernate: delete from stavka_izdavanja where idIzdavanje=? and rb=?
Hibernate: delete from izdavanje where idIzdavanje=?
]]></system-out>
  </testcase>
  <testcase name="deleteIzdavanjeNeuspesnoNepostojeciId" classname="rs.ac.bg.fon.izdavanjestanovaback.controller.IzdavanjeControllerTest" time="0.012">
    <system-out><![CDATA[Hibernate: select i1_0.idIzdavanje,i1_0.datumSklapanjaUgovora,ia1_0.id,ia1_0.brojLicence,ia1_0.datumIstekaLicence,ia1_0.ime,ia1_0.korisnickoIme,ia1_0.prezime,ia1_0.sifra,ik1_0.id,ik1_0.brojTelefona,ik1_0.email,im1_0.id,im1_0.nazivMesta,im1_0.opstina,ik1_0.ime,ik1_0.prezime,ik1_0.starost,i1_0.nacinPlacanja,i1_0.napomena,i1_0.statusUgovora,i1_0.ukupanIznos from izdavanje i1_0 left join agent ia1_0 on ia1_0.id=i1_0.idAgent left join klijent ik1_0 on ik1_0.id=i1_0.idKlijent left join mesto im1_0 on im1_0.id=ik1_0.idMesto where i1_0.idIzdavanje=?
]]></system-out>
  </testcase>
</testsuite>